TN:
SF:src/bubblesort/bubblesort.ts
FN:8,(anonymous_0)
FNF:1
FNH:1
FNDA:2,(anonymous_0)
DA:2,1
DA:9,2
DA:11,2
DA:12,8
DA:13,8
DA:14,27
DA:16,14
DA:17,14
DA:18,14
DA:19,14
DA:22,8
DA:24,2
LF:12
LH:12
BRDA:14,0,0,14
BRDA:14,0,1,13
BRF:2
BRH:2
end_of_record
TN:
SF:src/mergesort/mergesort.ts
FN:10,(anonymous_0)
FN:19,(anonymous_1)
FN:34,(anonymous_2)
FNF:3
FNH:3
FNDA:22,(anonymous_0)
FNDA:22,(anonymous_1)
FNDA:10,(anonymous_2)
DA:3,1
DA:11,22
DA:20,22
DA:21,12
DA:23,10
DA:24,10
DA:25,10
DA:26,10
DA:35,10
DA:36,10
DA:37,10
DA:38,10
DA:39,21
DA:40,11
DA:41,11
DA:43,10
DA:44,10
DA:47,10
LF:18
LH:18
BRDA:20,0,0,12
BRDA:20,0,1,10
BRDA:38,1,0,31
BRDA:38,1,1,23
BRDA:39,2,0,11
BRDA:39,2,1,10
BRF:6
BRH:6
end_of_record
TN:
SF:src/sort/sort.ts
FN:15,(anonymous_0)
FN:21,(anonymous_1)
FN:24,(anonymous_2)
FN:31,(anonymous_3)
FNF:4
FNH:4
FNDA:4,(anonymous_0)
FNDA:1,(anonymous_1)
FNDA:1,(anonymous_2)
FNDA:4,(anonymous_3)
DA:9,1
DA:15,4
DA:22,1
DA:25,1
DA:32,4
LF:5
LH:5
BRF:0
BRH:0
end_of_record
